Build started 5/3/2017 11:55:27 AM.
     1>Project "C:\sgupta60\MyStuff\FinalProject\jzhngastar\astarhw\astar\astar.vcxproj" on node 2 (build target(s)).
     1>InitializeBuildStatus:
         Creating "Debug\astar.unsuccessfulbuild" because "AlwaysCreate" was specified.
       ClCompile:
         All outputs are up-to-date.
         c:\Program Files (x86)\Microsoft Visual Studio 10.0\VC\bin\CL.exe /c /ZI /nologo /W3 /WX- /Od /Oy- /D WIN32 /D _DEBUG /D _CONSOLE /D _UNICODE /D UNICODE /Gm /EHsc /RTC1 /MDd /GS /fp:precise /Zc:wchar_t /Zc:forScope /Yu"StdAfx.h" /Fp"Debug\astar.pch" /Fo"Debug\\" /Fd"Debug\vc100.pdb" /Gd /TP /analyze- /errorReport:prompt astar.cpp
         astar.cpp
     1>c:\sgupta60\mystuff\finalproject\jzhngastar\astarhw\astar\astar.cpp(566): warning C4996: 'scanf': This function or variable may be unsafe. Consider using scanf_s instead. To disable deprecation, use _CRT_SECURE_NO_WARNINGS. See online help for details.
                 c:\program files (x86)\microsoft visual studio 10.0\vc\include\stdio.h(304) : see declaration of 'scanf'
     1>c:\sgupta60\mystuff\finalproject\jzhngastar\astarhw\astar\astar.cpp(574): warning C4996: 'scanf': This function or variable may be unsafe. Consider using scanf_s instead. To disable deprecation, use _CRT_SECURE_NO_WARNINGS. See online help for details.
                 c:\program files (x86)\microsoft visual studio 10.0\vc\include\stdio.h(304) : see declaration of 'scanf'
     1>c:\sgupta60\mystuff\finalproject\jzhngastar\astarhw\astar\astar.cpp(576): warning C4996: 'scanf': This function or variable may be unsafe. Consider using scanf_s instead. To disable deprecation, use _CRT_SECURE_NO_WARNINGS. See online help for details.
                 c:\program files (x86)\microsoft visual studio 10.0\vc\include\stdio.h(304) : see declaration of 'scanf'
     1>c:\sgupta60\mystuff\finalproject\jzhngastar\astarhw\astar\astar.cpp(578): warning C4996: 'scanf': This function or variable may be unsafe. Consider using scanf_s instead. To disable deprecation, use _CRT_SECURE_NO_WARNINGS. See online help for details.
                 c:\program files (x86)\microsoft visual studio 10.0\vc\include\stdio.h(304) : see declaration of 'scanf'
     1>c:\sgupta60\mystuff\finalproject\jzhngastar\astarhw\astar\astar.cpp(580): warning C4996: 'scanf': This function or variable may be unsafe. Consider using scanf_s instead. To disable deprecation, use _CRT_SECURE_NO_WARNINGS. See online help for details.
                 c:\program files (x86)\microsoft visual studio 10.0\vc\include\stdio.h(304) : see declaration of 'scanf'
     1>c:\sgupta60\mystuff\finalproject\jzhngastar\astarhw\astar\astar.cpp(762): warning C4996: 'scanf': This function or variable may be unsafe. Consider using scanf_s instead. To disable deprecation, use _CRT_SECURE_NO_WARNINGS. See online help for details.
                 c:\program files (x86)\microsoft visual studio 10.0\vc\include\stdio.h(304) : see declaration of 'scanf'
     1>c:\sgupta60\mystuff\finalproject\jzhngastar\astarhw\astar\astar.cpp(764): warning C4996: 'scanf': This function or variable may be unsafe. Consider using scanf_s instead. To disable deprecation, use _CRT_SECURE_NO_WARNINGS. See online help for details.
                 c:\program files (x86)\microsoft visual studio 10.0\vc\include\stdio.h(304) : see declaration of 'scanf'
     1>c:\sgupta60\mystuff\finalproject\jzhngastar\astarhw\astar\astar.cpp(766): warning C4996: 'scanf': This function or variable may be unsafe. Consider using scanf_s instead. To disable deprecation, use _CRT_SECURE_NO_WARNINGS. See online help for details.
                 c:\program files (x86)\microsoft visual studio 10.0\vc\include\stdio.h(304) : see declaration of 'scanf'
     1>c:\sgupta60\mystuff\finalproject\jzhngastar\astarhw\astar\astar.cpp(768): warning C4996: 'scanf': This function or variable may be unsafe. Consider using scanf_s instead. To disable deprecation, use _CRT_SECURE_NO_WARNINGS. See online help for details.
                 c:\program files (x86)\microsoft visual studio 10.0\vc\include\stdio.h(304) : see declaration of 'scanf'
       ManifestResourceCompile:
         All outputs are up-to-date.
       Link:
         c:\Program Files (x86)\Microsoft Visual Studio 10.0\VC\bin\link.exe /ERRORREPORT:PROMPT /OUT:"C:\sgupta60\MyStuff\FinalProject\jzhngastar\astarhw\Debug\astar.exe" /INCREMENTAL /NOLOGO kernel32.lib user32.lib gdi32.lib winspool.lib comdlg32.lib advapi32.lib shell32.lib ole32.lib oleaut32.lib uuid.lib odbc32.lib odbccp32.lib /MANIFEST /ManifestFile:"Debug\astar.exe.intermediate.manifest" /MANIFESTUAC:"level='asInvoker' uiAccess='false'" /DEBUG /PDB:"C:\sgupta60\MyStuff\FinalProject\jzhngastar\astarhw\Debug\astar.pdb" /SUBSYSTEM:CONSOLE /TLBID:1 /DYNAMICBASE /NXCOMPAT /IMPLIB:"C:\sgupta60\MyStuff\FinalProject\jzhngastar\astarhw\Debug\astar.lib" /MACHINE:X86 Debug\astar.exe.embed.manifest.res
         Debug\astar.obj
         Debug\pQueue.obj
         Debug\stdafx.obj
       Manifest:
         C:\Program Files (x86)\Microsoft SDKs\Windows\v7.0A\bin\mt.exe /nologo /verbose /out:"Debug\astar.exe.embed.manifest" /manifest Debug\astar.exe.intermediate.manifest
         All outputs are up-to-date.
       LinkEmbedManifest:
         All outputs are up-to-date.
         astar.vcxproj -> C:\sgupta60\MyStuff\FinalProject\jzhngastar\astarhw\Debug\astar.exe
       FinalizeBuildStatus:
         Deleting file "Debug\astar.unsuccessfulbuild".
         Touching "Debug\astar.lastbuildstate".
     1>Done Building Project "C:\sgupta60\MyStuff\FinalProject\jzhngastar\astarhw\astar\astar.vcxproj" (build target(s)).

Build succeeded.

Time Elapsed 00:00:00.72
